[0.105s] DEBUG:colcon:Command line arguments: ['/usr/bin/colcon', 'build', '--symlink-install', '--cmake-args', '-DCMAKE_EXPORT_COMPILE_COMMANDS=ON', '--event-handlers', 'console_direct+', '--packages-up-to']
[0.105s] DEBUG:colcon:Parsed command line arguments: Namespace(allow_overriding=[], ament_cmake_args=None, base_paths=['.'], build_base='build', catkin_cmake_args=None, catkin_skip_building_tests=False, cmake_args=['-DCMAKE_EXPORT_COMPILE_COMMANDS=ON'], cmake_clean_cache=False, cmake_clean_first=False, cmake_force_configure=False, cmake_target=None, cmake_target_skip_unavailable=False, continue_on_error=False, event_handlers=['console_direct+'], executor='parallel', ignore_user_meta=False, install_base='install', log_base=None, log_level=None, main=<bound method BuildVerb.main of <colcon_core.verb.build.BuildVerb object at 0x7f89e1d52820>>, merge_install=False, metas=['./colcon.meta'], packages_above=None, packages_above_and_dependencies=None, packages_above_depth=None, packages_end=None, packages_ignore=None, packages_ignore_regex=None, packages_select=None, packages_select_build_failed=False, packages_select_by_dep=None, packages_select_regex=None, packages_select_test_failures=False, packages_skip=None, packages_skip_build_finished=False, packages_skip_by_dep=None, packages_skip_regex=None, packages_skip_test_passed=False, packages_skip_up_to=None, packages_start=None, packages_up_to=[], packages_up_to_regex=None, parallel_workers=16, paths=None, symlink_install=True, test_result_base=None, verb_extension=<colcon_core.verb.build.BuildVerb object at 0x7f89e1d52820>, verb_name='build', verb_parser=<colcon_defaults.argument_parser.defaults.DefaultArgumentsDecorator object at 0x7f89e1d52d90>)
[0.127s] Level 1:colcon.colcon_core.package_discovery:discover_packages(colcon_meta) check parameters
[0.127s] Level 1:colcon.colcon_core.package_discovery:discover_packages(recursive) check parameters
[0.127s] Level 1:colcon.colcon_core.package_discovery:discover_packages(ignore) check parameters
[0.127s] Level 1:colcon.colcon_core.package_discovery:discover_packages(path) check parameters
[0.127s] Level 1:colcon.colcon_core.package_discovery:discover_packages(colcon_meta) discover
[0.127s] Level 1:colcon.colcon_core.package_discovery:discover_packages(recursive) discover
[0.127s] INFO:colcon.colcon_core.package_discovery:Crawling recursively for packages in '/workspaces/ros2_workspace/src'
[0.127s] Level 1:colcon.colcon_core.package_identification:_identify(.) by extensions ['ignore', 'ignore_ament_install']
[0.127s] Level 1:colcon.colcon_core.package_identification:_identify(.) by extension 'ignore'
[0.127s] Level 1:colcon.colcon_core.package_identification:_identify(.) by extension 'ignore_ament_install'
[0.127s] Level 1:colcon.colcon_core.package_identification:_identify(.) by extensions ['colcon_pkg']
[0.127s] Level 1:colcon.colcon_core.package_identification:_identify(.) by extension 'colcon_pkg'
[0.127s] Level 1:colcon.colcon_core.package_identification:_identify(.) by extensions ['colcon_meta']
[0.128s] Level 1:colcon.colcon_core.package_identification:_identify(.) by extension 'colcon_meta'
[0.128s] Level 1:colcon.colcon_core.package_identification:_identify(.) by extensions ['ros']
[0.128s] Level 1:colcon.colcon_core.package_identification:_identify(.) by extension 'ros'
[0.135s] Level 1:colcon.colcon_core.package_identification:_identify(.) by extensions ['cmake', 'python']
[0.136s] Level 1:colcon.colcon_core.package_identification:_identify(.) by extension 'cmake'
[0.136s] Level 1:colcon.colcon_core.package_identification:_identify(.) by extension 'python'
[0.136s] Level 1:colcon.colcon_core.package_identification:_identify(.) by extensions ['python_setup_py']
[0.136s] Level 1:colcon.colcon_core.package_identification:_identify(.) by extension 'python_setup_py'
[0.136s] Level 1:colcon.colcon_core.package_identification:_identify(build) by extensions ['ignore', 'ignore_ament_install']
[0.136s] Level 1:colcon.colcon_core.package_identification:_identify(build) by extension 'ignore'
[0.136s] Level 1:colcon.colcon_core.package_identification:_identify(build) ignored
[0.136s] Level 1:colcon.colcon_core.package_identification:_identify(install) by extensions ['ignore', 'ignore_ament_install']
[0.136s] Level 1:colcon.colcon_core.package_identification:_identify(install) by extension 'ignore'
[0.136s] Level 1:colcon.colcon_core.package_identification:_identify(install) ignored
[0.136s] Level 1:colcon.colcon_core.package_identification:_identify(log) by extensions ['ignore', 'ignore_ament_install']
[0.136s] Level 1:colcon.colcon_core.package_identification:_identify(log) by extension 'ignore'
[0.136s] Level 1:colcon.colcon_core.package_identification:_identify(log) ignored
[0.136s] Level 1:colcon.colcon_core.package_identification:_identify(py_pubsub) by extensions ['ignore', 'ignore_ament_install']
[0.136s] Level 1:colcon.colcon_core.package_identification:_identify(py_pubsub) by extension 'ignore'
[0.136s] Level 1:colcon.colcon_core.package_identification:_identify(py_pubsub) by extension 'ignore_ament_install'
[0.136s] Level 1:colcon.colcon_core.package_identification:_identify(py_pubsub) by extensions ['colcon_pkg']
[0.136s] Level 1:colcon.colcon_core.package_identification:_identify(py_pubsub) by extension 'colcon_pkg'
[0.136s] Level 1:colcon.colcon_core.package_identification:_identify(py_pubsub) by extensions ['colcon_meta']
[0.136s] Level 1:colcon.colcon_core.package_identification:_identify(py_pubsub) by extension 'colcon_meta'
[0.136s] Level 1:colcon.colcon_core.package_identification:_identify(py_pubsub) by extensions ['ros']
[0.136s] Level 1:colcon.colcon_core.package_identification:_identify(py_pubsub) by extension 'ros'
[0.138s] DEBUG:colcon.colcon_core.package_identification:Package 'py_pubsub' with type 'ros.ament_python' and name 'py_pubsub'
[0.138s] Level 1:colcon.colcon_core.package_discovery:discover_packages(recursive) using defaults
[0.138s] Level 1:colcon.colcon_core.package_discovery:discover_packages(ignore) discover
[0.138s] Level 1:colcon.colcon_core.package_discovery:discover_packages(ignore) using defaults
[0.138s] Level 1:colcon.colcon_core.package_discovery:discover_packages(path) discover
[0.138s] Level 1:colcon.colcon_core.package_discovery:discover_packages(path) using defaults
[0.157s] Level 1:colcon.colcon_core.package_discovery:discover_packages(prefix_path) check parameters
[0.157s] Level 1:colcon.colcon_core.package_discovery:discover_packages(prefix_path) discover
[0.159s] DEBUG:colcon.colcon_installed_package_information.package_discovery:Found 1 installed packages in /home/ros/groot_ws/install
[0.161s] DEBUG:colcon.colcon_installed_package_information.package_discovery:Found 361 installed packages in /opt/ros/foxy
[0.162s] Level 1:colcon.colcon_core.package_discovery:discover_packages(prefix_path) using defaults
[0.222s] Level 5:colcon.colcon_core.verb:set package 'py_pubsub' build argument 'cmake_args' from command line to '['-DCMAKE_EXPORT_COMPILE_COMMANDS=ON']'
[0.222s] Level 5:colcon.colcon_core.verb:set package 'py_pubsub' build argument 'cmake_target' from command line to 'None'
[0.222s] Level 5:colcon.colcon_core.verb:set package 'py_pubsub' build argument 'cmake_target_skip_unavailable' from command line to 'False'
[0.222s] Level 5:colcon.colcon_core.verb:set package 'py_pubsub' build argument 'cmake_clean_cache' from command line to 'False'
[0.222s] Level 5:colcon.colcon_core.verb:set package 'py_pubsub' build argument 'cmake_clean_first' from command line to 'False'
[0.222s] Level 5:colcon.colcon_core.verb:set package 'py_pubsub' build argument 'cmake_force_configure' from command line to 'False'
[0.222s] Level 5:colcon.colcon_core.verb:set package 'py_pubsub' build argument 'ament_cmake_args' from command line to 'None'
[0.222s] Level 5:colcon.colcon_core.verb:set package 'py_pubsub' build argument 'catkin_cmake_args' from command line to 'None'
[0.222s] Level 5:colcon.colcon_core.verb:set package 'py_pubsub' build argument 'catkin_skip_building_tests' from command line to 'False'
[0.222s] DEBUG:colcon.colcon_core.verb:Building package 'py_pubsub' with the following arguments: {'ament_cmake_args': None, 'build_base': '/workspaces/ros2_workspace/src/build/py_pubsub', 'catkin_cmake_args': None, 'catkin_skip_building_tests': False, 'cmake_args': ['-DCMAKE_EXPORT_COMPILE_COMMANDS=ON'], 'cmake_clean_cache': False, 'cmake_clean_first': False, 'cmake_force_configure': False, 'cmake_target': None, 'cmake_target_skip_unavailable': False, 'install_base': '/workspaces/ros2_workspace/src/install/py_pubsub', 'merge_install': False, 'path': '/workspaces/ros2_workspace/src/py_pubsub', 'symlink_install': True, 'test_result_base': None}
[0.222s] INFO:colcon.colcon_core.executor:Executing jobs using 'parallel' executor
[0.225s] DEBUG:colcon.colcon_parallel_executor.executor.parallel:run_until_complete
[0.225s] INFO:colcon.colcon_ros.task.ament_python.build:Building ROS package in '/workspaces/ros2_workspace/src/py_pubsub' with build type 'ament_python'
[0.225s] Level 1:colcon.colcon_core.shell:create_environment_hook('py_pubsub', 'ament_prefix_path')
[0.229s] INFO:colcon.colcon_core.plugin_system:Skipping extension 'colcon_core.shell.bat': Not used on non-Windows systems
[0.229s] INFO:colcon.colcon_core.shell:Creating environment hook '/workspaces/ros2_workspace/src/install/py_pubsub/share/py_pubsub/hook/ament_prefix_path.ps1'
[0.230s] INFO:colcon.colcon_core.shell:Creating environment descriptor '/workspaces/ros2_workspace/src/install/py_pubsub/share/py_pubsub/hook/ament_prefix_path.dsv'
[0.230s] INFO:colcon.colcon_core.shell:Creating environment hook '/workspaces/ros2_workspace/src/install/py_pubsub/share/py_pubsub/hook/ament_prefix_path.sh'
[0.231s] INFO:colcon.colcon_core.shell:Skip shell extension 'powershell' for command environment: Not usable outside of PowerShell
[0.231s] DEBUG:colcon.colcon_core.shell:Skip shell extension 'dsv' for command environment
[0.386s] INFO:colcon.colcon_core.task.python.build:Building Python package in '/workspaces/ros2_workspace/src/py_pubsub'
[0.387s] INFO:colcon.colcon_core.shell:Skip shell extension 'powershell' for command environment: Not usable outside of PowerShell
[0.387s] DEBUG:colcon.colcon_core.shell:Skip shell extension 'dsv' for command environment
[0.674s] DEBUG:colcon.colcon_core.event_handler.log_command:Invoking command in '/workspaces/ros2_workspace/src/build/py_pubsub': PYTHONPATH=/workspaces/ros2_workspace/src/install/py_pubsub/lib/python3.8/site-packages:${PYTHONPATH} /usr/bin/python3 setup.py develop --prefix /workspaces/ros2_workspace/src/install/py_pubsub --editable --build-directory /workspaces/ros2_workspace/src/build/py_pubsub/build --no-deps install_data --install-dir /workspaces/ros2_workspace/src/install/py_pubsub
[0.987s] Level 1:colcon.colcon_core.shell:create_environment_hook('py_pubsub', 'pythonpath_develop')
[0.988s] INFO:colcon.colcon_core.shell:Creating environment hook '/workspaces/ros2_workspace/src/build/py_pubsub/share/py_pubsub/hook/pythonpath_develop.ps1'
[0.989s] DEBUG:colcon.colcon_core.event_handler.log_command:Invoked command in '/workspaces/ros2_workspace/src/build/py_pubsub' returned '0': PYTHONPATH=/workspaces/ros2_workspace/src/install/py_pubsub/lib/python3.8/site-packages:${PYTHONPATH} /usr/bin/python3 setup.py develop --prefix /workspaces/ros2_workspace/src/install/py_pubsub --editable --build-directory /workspaces/ros2_workspace/src/build/py_pubsub/build --no-deps install_data --install-dir /workspaces/ros2_workspace/src/install/py_pubsub
[0.989s] INFO:colcon.colcon_core.shell:Creating environment descriptor '/workspaces/ros2_workspace/src/build/py_pubsub/share/py_pubsub/hook/pythonpath_develop.dsv'
[0.989s] INFO:colcon.colcon_core.shell:Creating environment hook '/workspaces/ros2_workspace/src/build/py_pubsub/share/py_pubsub/hook/pythonpath_develop.sh'
[0.993s] Level 1:colcon.colcon_core.environment:checking '/workspaces/ros2_workspace/src/install/py_pubsub' for CMake module files
[0.994s] Level 1:colcon.colcon_core.environment:checking '/workspaces/ros2_workspace/src/install/py_pubsub' for CMake config files
[0.994s] Level 1:colcon.colcon_core.environment:checking '/workspaces/ros2_workspace/src/install/py_pubsub/lib'
[0.994s] Level 1:colcon.colcon_core.environment:checking '/workspaces/ros2_workspace/src/install/py_pubsub/bin'
[0.994s] Level 1:colcon.colcon_core.environment:checking '/workspaces/ros2_workspace/src/install/py_pubsub/lib/pkgconfig/py_pubsub.pc'
[0.994s] Level 1:colcon.colcon_core.environment:checking '/workspaces/ros2_workspace/src/install/py_pubsub/lib/python3.8/site-packages'
[0.994s] Level 1:colcon.colcon_core.shell:create_environment_hook('py_pubsub', 'pythonpath')
[0.995s] INFO:colcon.colcon_core.shell:Creating environment hook '/workspaces/ros2_workspace/src/install/py_pubsub/share/py_pubsub/hook/pythonpath.ps1'
[0.995s] INFO:colcon.colcon_core.shell:Creating environment descriptor '/workspaces/ros2_workspace/src/install/py_pubsub/share/py_pubsub/hook/pythonpath.dsv'
[0.996s] INFO:colcon.colcon_core.shell:Creating environment hook '/workspaces/ros2_workspace/src/install/py_pubsub/share/py_pubsub/hook/pythonpath.sh'
[0.996s] Level 1:colcon.colcon_core.environment:checking '/workspaces/ros2_workspace/src/install/py_pubsub/bin'
[0.996s] Level 1:colcon.colcon_core.environment:create_environment_scripts_only(py_pubsub)
[0.997s] INFO:colcon.colcon_core.shell:Creating package script '/workspaces/ros2_workspace/src/install/py_pubsub/share/py_pubsub/package.ps1'
[0.997s] INFO:colcon.colcon_core.shell:Creating package descriptor '/workspaces/ros2_workspace/src/install/py_pubsub/share/py_pubsub/package.dsv'
[0.998s] INFO:colcon.colcon_core.shell:Creating package script '/workspaces/ros2_workspace/src/install/py_pubsub/share/py_pubsub/package.sh'
[0.998s] INFO:colcon.colcon_core.shell:Creating package script '/workspaces/ros2_workspace/src/install/py_pubsub/share/py_pubsub/package.bash'
[0.999s] INFO:colcon.colcon_core.shell:Creating package script '/workspaces/ros2_workspace/src/install/py_pubsub/share/py_pubsub/package.zsh'
[0.999s] Level 1:colcon.colcon_core.environment:create_file_with_runtime_dependencies(/workspaces/ros2_workspace/src/install/py_pubsub/share/colcon-core/packages/py_pubsub)
[0.999s] DEBUG:colcon.colcon_parallel_executor.executor.parallel:closing loop
[0.999s] DEBUG:colcon.colcon_parallel_executor.executor.parallel:loop closed
[0.999s] DEBUG:colcon.colcon_parallel_executor.executor.parallel:run_until_complete finished with '0'
[1.000s] DEBUG:colcon.colcon_core.event_reactor:joining thread
[1.005s] INFO:colcon.colcon_core.plugin_system:Skipping extension 'colcon_notification.desktop_notification.notify_send': Could not find 'notify-send'
[1.005s] INFO:colcon.colcon_core.plugin_system:Skipping extension 'colcon_notification.desktop_notification.terminal_notifier': Not used on non-Darwin systems
[1.005s] INFO:colcon.colcon_core.plugin_system:Skipping extension 'colcon_notification.desktop_notification.win32': Not used on non-Windows systems
[1.005s] INFO:colcon.colcon_notification.desktop_notification:Sending desktop notification using 'notify2'
[1.009s] DEBUG:colcon.colcon_notification.desktop_notification.notify2:Failed to initialize notify2: org.freedesktop.DBus.Error.ServiceUnknown: The name org.freedesktop.Notifications was not provided by any .service files
[1.009s] DEBUG:colcon.colcon_core.event_reactor:joined thread
[1.010s] INFO:colcon.colcon_core.shell:Creating prefix script '/workspaces/ros2_workspace/src/install/local_setup.ps1'
[1.011s] INFO:colcon.colcon_core.shell:Creating prefix util module '/workspaces/ros2_workspace/src/install/_local_setup_util_ps1.py'
[1.012s] INFO:colcon.colcon_core.shell:Creating prefix chain script '/workspaces/ros2_workspace/src/install/setup.ps1'
[1.013s] INFO:colcon.colcon_core.shell:Creating prefix script '/workspaces/ros2_workspace/src/install/local_setup.sh'
[1.013s] INFO:colcon.colcon_core.shell:Creating prefix util module '/workspaces/ros2_workspace/src/install/_local_setup_util_sh.py'
[1.013s] INFO:colcon.colcon_core.shell:Creating prefix chain script '/workspaces/ros2_workspace/src/install/setup.sh'
[1.014s] INFO:colcon.colcon_core.shell:Creating prefix script '/workspaces/ros2_workspace/src/install/local_setup.bash'
[1.015s] INFO:colcon.colcon_core.shell:Creating prefix chain script '/workspaces/ros2_workspace/src/install/setup.bash'
[1.015s] INFO:colcon.colcon_core.shell:Creating prefix script '/workspaces/ros2_workspace/src/install/local_setup.zsh'
[1.016s] INFO:colcon.colcon_core.shell:Creating prefix chain script '/workspaces/ros2_workspace/src/install/setup.zsh'
